build_old/local_auth_android/intermediates/manifest_merge_blame_file/debug/processDebugManifest/manifest-merger-blame-debug-report.txt
1<?xml version="1.0" encoding="utf-8"?>
2<manifest xmlns:android="http://schemas.android.com/apk/res/android"
3    package="io.flutter.plugins.localauth" >
4
5    <uses-sdk android:minSdkVersion="21" />
6
7    <uses-permission android:name="android.permission.USE_BIOMETRIC" />
7-->src\main\AndroidManifest.xml:3:5-72
7-->src\main\AndroidManifest.xml:3:22-69
8
9</manifest>